<?xml version="1.0" encoding="UTF-8" ?>
<testsuite tests="27" failures="0" name="edu.stanford.nlp.loglinear.model.ConcatVectorTest" time="15.061" errors="0" skipped="0">
  <properties>
    <property name="java.runtime.name" value="Java(TM) SE Runtime Environment"/>
    <property name="sun.boot.library.path" value="/usr/lib/jvm/java-8-oracle/jre/lib/amd64"/>
    <property name="java.vm.version" value="25.171-b11"/>
    <property name="java.vm.vendor" value="Oracle Corporation"/>
    <property name="maven.multiModuleProjectDirectory" value="/home/viraj/FYP/CoreNLP_sentiment/CoreNLP"/>
    <property name="java.vendor.url" value="http://java.oracle.com/"/>
    <property name="path.separator" value=":"/>
    <property name="guice.disable.misplaced.annotation.check" value="true"/>
    <property name="java.vm.name" value="Java HotSpot(TM) 64-Bit Server VM"/>
    <property name="file.encoding.pkg" value="sun.io"/>
    <property name="user.country" value="US"/>
    <property name="sun.java.launcher" value="SUN_STANDARD"/>
    <property name="sun.os.patch.level" value="unknown"/>
    <property name="java.vm.specification.name" value="Java Virtual Machine Specification"/>
    <property name="user.dir" value="/home/viraj/FYP/CoreNLP_sentiment/CoreNLP"/>
    <property name="java.runtime.version" value="1.8.0_171-b11"/>
    <property name="java.awt.graphicsenv" value="sun.awt.X11GraphicsEnvironment"/>
    <property name="java.endorsed.dirs" value="/usr/lib/jvm/java-8-oracle/jre/lib/endorsed"/>
    <property name="os.arch" value="amd64"/>
    <property name="java.io.tmpdir" value="/tmp"/>
    <property name="line.separator" value="
"/>
    <property name="java.vm.specification.vendor" value="Oracle Corporation"/>
    <property name="os.name" value="Linux"/>
    <property name="classworlds.conf" value="/opt/maven/bin/m2.conf"/>
    <property name="sun.jnu.encoding" value="UTF-8"/>
    <property name="java.library.path" value="/usr/java/packages/lib/amd64:/usr/lib64:/lib64:/lib:/usr/lib"/>
    <property name="maven.conf" value="/opt/maven/conf"/>
    <property name="java.specification.name" value="Java Platform API Specification"/>
    <property name="java.class.version" value="52.0"/>
    <property name="sun.management.compiler" value="HotSpot 64-Bit Tiered Compilers"/>
    <property name="os.version" value="4.15.0-22-generic"/>
    <property name="library.jansi.path" value="/opt/maven/lib/jansi-native"/>
    <property name="user.home" value="/home/viraj"/>
    <property name="user.timezone" value="Asia/Colombo"/>
    <property name="java.awt.printerjob" value="sun.print.PSPrinterJob"/>
    <property name="java.specification.version" value="1.8"/>
    <property name="file.encoding" value="UTF-8"/>
    <property name="user.name" value="viraj"/>
    <property name="java.class.path" value="/opt/maven/boot/plexus-classworlds-2.5.2.jar"/>
    <property name="java.vm.specification.version" value="1.8"/>
    <property name="sun.arch.data.model" value="64"/>
    <property name="java.home" value="/usr/lib/jvm/java-8-oracle/jre"/>
    <property name="sun.java.command" value="org.codehaus.plexus.classworlds.launcher.Launcher clean install"/>
    <property name="java.specification.vendor" value="Oracle Corporation"/>
    <property name="user.language" value="en"/>
    <property name="awt.toolkit" value="sun.awt.X11.XToolkit"/>
    <property name="java.vm.info" value="mixed mode"/>
    <property name="java.version" value="1.8.0_171"/>
    <property name="java.ext.dirs" value="/usr/lib/jvm/java-8-oracle/jre/lib/ext:/usr/java/packages/lib/ext"/>
    <property name="securerandom.source" value="file:/dev/./urandom"/>
    <property name="sun.boot.class.path" value="/usr/lib/jvm/java-8-oracle/jre/lib/resources.jar:/usr/lib/jvm/java-8-oracle/jre/lib/rt.jar:/usr/lib/jvm/java-8-oracle/jre/lib/sunrsasign.jar:/usr/lib/jvm/java-8-oracle/jre/lib/jsse.jar:/usr/lib/jvm/java-8-oracle/jre/lib/jce.jar:/usr/lib/jvm/java-8-oracle/jre/lib/charsets.jar:/usr/lib/jvm/java-8-oracle/jre/lib/jfr.jar:/usr/lib/jvm/java-8-oracle/jre/classes"/>
    <property name="java.vendor" value="Oracle Corporation"/>
    <property name="maven.home" value="/opt/maven"/>
    <property name="file.separator" value="/"/>
    <property name="java.vendor.url.bug" value="http://bugreport.sun.com/bugreport/"/>
    <property name="sun.cpu.endian" value="little"/>
    <property name="sun.io.unicode.encoding" value="UnicodeLittle"/>
    <property name="sun.desktop" value="gnome"/>
    <property name="sun.cpu.isalist" value=""/>
  </properties>
  <testcase classname="edu.stanford.nlp.loglinear.model.ConcatVectorTest" name="testElementwiseDenseToDense" time="0.704"/>
  <testcase classname="edu.stanford.nlp.loglinear.model.ConcatVectorTest" name="testResizeOnSetComponent" time="0.005"/>
  <testcase classname="edu.stanford.nlp.loglinear.model.ConcatVectorTest" name="testAppendSparseComponent" time="1.529"/>
  <testcase classname="edu.stanford.nlp.loglinear.model.ConcatVectorTest" name="testElementwiseDenseToSparse" time="1.137"/>
  <testcase classname="edu.stanford.nlp.loglinear.model.ConcatVectorTest" name="testProtoVector" time="0.16"/>
  <testcase classname="edu.stanford.nlp.loglinear.model.ConcatVectorTest" name="testMap" time="0.006"/>
  <testcase classname="edu.stanford.nlp.loglinear.model.ConcatVectorTest" name="testDeepClone" time="0.118"/>
  <testcase classname="edu.stanford.nlp.loglinear.model.ConcatVectorTest" name="testSizes" time="0.003"/>
  <testcase classname="edu.stanford.nlp.loglinear.model.ConcatVectorTest" name="testInnerProduct2" time="0.124"/>
  <testcase classname="edu.stanford.nlp.loglinear.model.ConcatVectorTest" name="testAddDenseToSparse" time="0.887"/>
  <testcase classname="edu.stanford.nlp.loglinear.model.ConcatVectorTest" name="testRetrieveDense" time="0.005"/>
  <testcase classname="edu.stanford.nlp.loglinear.model.ConcatVectorTest" name="testElementwiseProduct" time="0.151"/>
  <testcase classname="edu.stanford.nlp.loglinear.model.ConcatVectorTest" name="testAddDenseToDense" time="0.395"/>
  <testcase classname="edu.stanford.nlp.loglinear.model.ConcatVectorTest" name="testAddSparseToSparse" time="3.569"/>
  <testcase classname="edu.stanford.nlp.loglinear.model.ConcatVectorTest" name="testDeepCloneGetValueAt" time="0.011"/>
  <testcase classname="edu.stanford.nlp.loglinear.model.ConcatVectorTest" name="testElementwiseSparseToDense" time="1.146"/>
  <testcase classname="edu.stanford.nlp.loglinear.model.ConcatVectorTest" name="testAppendDenseComponent" time="0.013"/>
  <testcase classname="edu.stanford.nlp.loglinear.model.ConcatVectorTest" name="testIsSparse" time="0.004"/>
  <testcase classname="edu.stanford.nlp.loglinear.model.ConcatVectorTest" name="testGetValueAt" time="0.003"/>
  <testcase classname="edu.stanford.nlp.loglinear.model.ConcatVectorTest" name="testAddSparseToDense" time="1.18"/>
  <testcase classname="edu.stanford.nlp.loglinear.model.ConcatVectorTest" name="testAddVector" time="0.138"/>
  <testcase classname="edu.stanford.nlp.loglinear.model.ConcatVectorTest" name="testGetSparseIndex" time="1.071"/>
  <testcase classname="edu.stanford.nlp.loglinear.model.ConcatVectorTest" name="testElementwiseSparseToSparse" time="2.623"/>
  <testcase classname="edu.stanford.nlp.loglinear.model.ConcatVectorTest" name="testNewEmptyClone" time="0.002"/>
  <testcase classname="edu.stanford.nlp.loglinear.model.ConcatVectorTest" name="testCopyOnWrite" time="0.002"/>
  <testcase classname="edu.stanford.nlp.loglinear.model.ConcatVectorTest" name="testInnerProduct" time="0.072"/>
  <testcase classname="edu.stanford.nlp.loglinear.model.ConcatVectorTest" name="testValueEquals" time="0.003"/>
</testsuite>